running egg_info
creating build/rtk_navigation/rtk_navigation.egg-info
writing build/rtk_navigation/rtk_navigation.egg-info/PKG-INFO
writing dependency_links to build/rtk_navigation/rtk_navigation.egg-info/dependency_links.txt
writing entry points to build/rtk_navigation/rtk_navigation.egg-info/entry_points.txt
writing requirements to build/rtk_navigation/rtk_navigation.egg-info/requires.txt
writing top-level names to build/rtk_navigation/rtk_navigation.egg-info/top_level.txt
writing manifest file 'build/rtk_navigation/rtk_navigation.egg-info/SOURCES.txt'
reading manifest file 'build/rtk_navigation/rtk_navigation.egg-info/SOURCES.txt'
adding license file 'LICENSE.md'
adding license file 'AUTHORS.md'
writing manifest file 'build/rtk_navigation/rtk_navigation.egg-info/SOURCES.txt'
running build
running build_py
creating /doc/code/ROBO/rtk_navigation/src/rtk_navigation/build/rtk_navigation/build
creating /doc/code/ROBO/rtk_navigation/src/rtk_navigation/build/rtk_navigation/build/lib
creating /doc/code/ROBO/rtk_navigation/src/rtk_navigation/build/rtk_navigation/build/lib/rtk_navigation
copying rtk_navigation/path_server.py -> /doc/code/ROBO/rtk_navigation/src/rtk_navigation/build/rtk_navigation/build/lib/rtk_navigation
copying rtk_navigation/__init__.py -> /doc/code/ROBO/rtk_navigation/src/rtk_navigation/build/rtk_navigation/build/lib/rtk_navigation
copying rtk_navigation/old_server.py -> /doc/code/ROBO/rtk_navigation/src/rtk_navigation/build/rtk_navigation/build/lib/rtk_navigation
copying rtk_navigation/test_path.py -> /doc/code/ROBO/rtk_navigation/src/rtk_navigation/build/rtk_navigation/build/lib/rtk_navigation
copying rtk_navigation/path_server copy.py -> /doc/code/ROBO/rtk_navigation/src/rtk_navigation/build/rtk_navigation/build/lib/rtk_navigation
running install
/usr/lib/python3/dist-packages/setuptools/command/install.py:34: SetuptoolsDeprecationWarning: setup.py install is deprecated. Use build and pip and other standards-based tools.
  warnings.warn(
running install_lib
creating /doc/code/ROBO/rtk_navigation/src/rtk_navigation/install/rtk_navigation/lib/python3.10/site-packages/rtk_navigation
copying /doc/code/ROBO/rtk_navigation/src/rtk_navigation/build/rtk_navigation/build/lib/rtk_navigation/path_server.py -> /doc/code/ROBO/rtk_navigation/src/rtk_navigation/install/rtk_navigation/lib/python3.10/site-packages/rtk_navigation
copying /doc/code/ROBO/rtk_navigation/src/rtk_navigation/build/rtk_navigation/build/lib/rtk_navigation/__init__.py -> /doc/code/ROBO/rtk_navigation/src/rtk_navigation/install/rtk_navigation/lib/python3.10/site-packages/rtk_navigation
copying /doc/code/ROBO/rtk_navigation/src/rtk_navigation/build/rtk_navigation/build/lib/rtk_navigation/old_server.py -> /doc/code/ROBO/rtk_navigation/src/rtk_navigation/install/rtk_navigation/lib/python3.10/site-packages/rtk_navigation
copying /doc/code/ROBO/rtk_navigation/src/rtk_navigation/build/rtk_navigation/build/lib/rtk_navigation/test_path.py -> /doc/code/ROBO/rtk_navigation/src/rtk_navigation/install/rtk_navigation/lib/python3.10/site-packages/rtk_navigation
copying /doc/code/ROBO/rtk_navigation/src/rtk_navigation/build/rtk_navigation/build/lib/rtk_navigation/path_server copy.py -> /doc/code/ROBO/rtk_navigation/src/rtk_navigation/install/rtk_navigation/lib/python3.10/site-packages/rtk_navigation
byte-compiling /doc/code/ROBO/rtk_navigation/src/rtk_navigation/install/rtk_navigation/lib/python3.10/site-packages/rtk_navigation/path_server.py to path_server.cpython-310.pyc
byte-compiling /doc/code/ROBO/rtk_navigation/src/rtk_navigation/install/rtk_navigation/lib/python3.10/site-packages/rtk_navigation/__init__.py to __init__.cpython-310.pyc
byte-compiling /doc/code/ROBO/rtk_navigation/src/rtk_navigation/install/rtk_navigation/lib/python3.10/site-packages/rtk_navigation/old_server.py to old_server.cpython-310.pyc
byte-compiling /doc/code/ROBO/rtk_navigation/src/rtk_navigation/install/rtk_navigation/lib/python3.10/site-packages/rtk_navigation/test_path.py to test_path.cpython-310.pyc
byte-compiling /doc/code/ROBO/rtk_navigation/src/rtk_navigation/install/rtk_navigation/lib/python3.10/site-packages/rtk_navigation/path_server copy.py to path_server copy.cpython-310.pyc
running install_data
creating /doc/code/ROBO/rtk_navigation/src/rtk_navigation/install/rtk_navigation/share/rtk_navigation/resource
copying resource/rtk_navigation -> /doc/code/ROBO/rtk_navigation/src/rtk_navigation/install/rtk_navigation/share/rtk_navigation/resource
copying package.xml -> /doc/code/ROBO/rtk_navigation/src/rtk_navigation/install/rtk_navigation/share/rtk_navigation
copying launch/navigation.launch.py -> /doc/code/ROBO/rtk_navigation/src/rtk_navigation/install/rtk_navigation/share/rtk_navigation
creating /doc/code/ROBO/rtk_navigation/src/rtk_navigation/install/rtk_navigation/share/rtk_navigation/params
running install_egg_info
Copying build/rtk_navigation/rtk_navigation.egg-info to /doc/code/ROBO/rtk_navigation/src/rtk_navigation/install/rtk_navigation/lib/python3.10/site-packages/rtk_navigation-0.0.0-py3.10.egg-info
running install_scripts
Installing old_server script to /doc/code/ROBO/rtk_navigation/src/rtk_navigation/install/rtk_navigation/lib/rtk_navigation
Installing path_server script to /doc/code/ROBO/rtk_navigation/src/rtk_navigation/install/rtk_navigation/lib/rtk_navigation
Installing test_path script to /doc/code/ROBO/rtk_navigation/src/rtk_navigation/install/rtk_navigation/lib/rtk_navigation
writing list of installed files to '/doc/code/ROBO/rtk_navigation/src/rtk_navigation/build/rtk_navigation/install.log'
