/doc/code/ROBO/rtk_navigation/src/rtk_navigation/install/rtk_navigation/lib/python3.10/site-packages/rtk_navigation/path_server.py
/doc/code/ROBO/rtk_navigation/src/rtk_navigation/install/rtk_navigation/lib/python3.10/site-packages/rtk_navigation/__init__.py
/doc/code/ROBO/rtk_navigation/src/rtk_navigation/install/rtk_navigation/lib/python3.10/site-packages/rtk_navigation/old_server.py
/doc/code/ROBO/rtk_navigation/src/rtk_navigation/install/rtk_navigation/lib/python3.10/site-packages/rtk_navigation/test_path.py
/doc/code/ROBO/rtk_navigation/src/rtk_navigation/install/rtk_navigation/lib/python3.10/site-packages/rtk_navigation/path_server copy.py
/doc/code/ROBO/rtk_navigation/src/rtk_navigation/install/rtk_navigation/lib/python3.10/site-packages/rtk_navigation/__pycache__/path_server.cpython-310.pyc
/doc/code/ROBO/rtk_navigation/src/rtk_navigation/install/rtk_navigation/lib/python3.10/site-packages/rtk_navigation/__pycache__/__init__.cpython-310.pyc
/doc/code/ROBO/rtk_navigation/src/rtk_navigation/install/rtk_navigation/lib/python3.10/site-packages/rtk_navigation/__pycache__/old_server.cpython-310.pyc
/doc/code/ROBO/rtk_navigation/src/rtk_navigation/install/rtk_navigation/lib/python3.10/site-packages/rtk_navigation/__pycache__/test_path.cpython-310.pyc
/doc/code/ROBO/rtk_navigation/src/rtk_navigation/install/rtk_navigation/lib/python3.10/site-packages/rtk_navigation/__pycache__/path_server copy.cpython-310.pyc
/doc/code/ROBO/rtk_navigation/src/rtk_navigation/install/rtk_navigation/share/rtk_navigation/resource/rtk_navigation
/doc/code/ROBO/rtk_navigation/src/rtk_navigation/install/rtk_navigation/share/rtk_navigation/package.xml
/doc/code/ROBO/rtk_navigation/src/rtk_navigation/install/rtk_navigation/share/rtk_navigation/navigation.launch.py
/doc/code/ROBO/rtk_navigation/src/rtk_navigation/install/rtk_navigation/share/rtk_navigation/params
/doc/code/ROBO/rtk_navigation/src/rtk_navigation/install/rtk_navigation/lib/python3.10/site-packages/rtk_navigation-0.0.0-py3.10.egg-info/entry_points.txt
/doc/code/ROBO/rtk_navigation/src/rtk_navigation/install/rtk_navigation/lib/python3.10/site-packages/rtk_navigation-0.0.0-py3.10.egg-info/SOURCES.txt
/doc/code/ROBO/rtk_navigation/src/rtk_navigation/install/rtk_navigation/lib/python3.10/site-packages/rtk_navigation-0.0.0-py3.10.egg-info/dependency_links.txt
/doc/code/ROBO/rtk_navigation/src/rtk_navigation/install/rtk_navigation/lib/python3.10/site-packages/rtk_navigation-0.0.0-py3.10.egg-info/top_level.txt
/doc/code/ROBO/rtk_navigation/src/rtk_navigation/install/rtk_navigation/lib/python3.10/site-packages/rtk_navigation-0.0.0-py3.10.egg-info/requires.txt
/doc/code/ROBO/rtk_navigation/src/rtk_navigation/install/rtk_navigation/lib/python3.10/site-packages/rtk_navigation-0.0.0-py3.10.egg-info/PKG-INFO
/doc/code/ROBO/rtk_navigation/src/rtk_navigation/install/rtk_navigation/lib/python3.10/site-packages/rtk_navigation-0.0.0-py3.10.egg-info/zip-safe
/doc/code/ROBO/rtk_navigation/src/rtk_navigation/install/rtk_navigation/lib/rtk_navigation/old_server
/doc/code/ROBO/rtk_navigation/src/rtk_navigation/install/rtk_navigation/lib/rtk_navigation/path_server
/doc/code/ROBO/rtk_navigation/src/rtk_navigation/install/rtk_navigation/lib/rtk_navigation/test_path
